This file contains any messages produced by compilers while
running configure, to aid debugging if configure makes a mistake.

It was created by QRencode configure 3.4.4, which was
generated by GNU Autoconf 2.69.  Invocation command line was

  $ ./configure --enable-static --disable-shared --without-tools LIBS=../libpng-1.6.23/.libs/libpng.a png_CFLAGS=-l../libpng-1.6.23 png_LIBS=-L../libpng-1.6.23/.libs

## --------- ##
## Platform. ##
## --------- ##

hostname = MACBOOKPRO-PC
uname -m = i686
uname -r = 2.4.1(0.294/5/3)
uname -s = MSYS_NT-6.1-WOW
uname -v = 2016-02-03 11:08

/usr/bin/uname -p = unknown
/bin/uname -X     = unknown

/bin/arch              = i686
/usr/bin/arch -k       = unknown
/usr/convex/getsysinfo = unknown
/usr/bin/hostinfo      = unknown
/bin/machine           = unknown
/usr/bin/oslevel       = unknown
/bin/universe          = unknown

PATH: /c/Qt/Qt5.7.0/Tools/mingw530_32/bin
PATH: /c/Qt/Qt5.7.0/5.7/mingw53_32/bin
PATH: /c/MinGW/bin
PATH: /usr/bin
PATH: /c/MinGW/msys/1.0/bin


## ----------- ##
## Core tests. ##
## ----------- ##

configure:2237: checking build system type
configure:2251: result: i686-pc-msys
configure:2271: checking host system type
configure:2284: result: i686-pc-msys
configure:2304: checking target system type
configure:2317: result: i686-pc-msys
configure:2360: checking for a BSD-compatible install
configure:2428: result: /usr/bin/install -c
configure:2439: checking whether build environment is sane
configure:2494: result: yes
configure:2645: checking for a thread-safe mkdir -p
configure:2684: result: /usr/bin/mkdir -p
configure:2691: checking for gawk
configure:2707: found /usr/bin/gawk
configure:2718: result: gawk
configure:2729: checking whether make sets $(MAKE)
configure:2751: result: yes
configure:2780: checking whether make supports nested variables
configure:2797: result: yes
configure:2966: checking for style of include used by make
configure:2994: result: GNU
configure:3065: checking for gcc
configure:3081: found /c/Qt/Qt5.7.0/Tools/mingw530_32/bin/gcc
configure:3092: result: gcc
configure:3321: checking for C compiler version
configure:3330: gcc --version >&5
gcc.exe (i686-posix-dwarf-rev0, Built by MinGW-W64 project) 5.3.0
Copyright (C) 2015 Free Software Foundation, Inc.
This is free software; see the source for copying conditions.  There is NO
warranty; not even for MERCHANTABILITY or FITNESS FOR A PARTICULAR PURPOSE.

configure:3341: $? = 0
configure:3330: gcc -v >&5
Using built-in specs.
COLLECT_GCC=C:\Qt\Qt5.7.0\Tools\mingw530_32\bin\gcc.exe
COLLECT_LTO_WRAPPER=C:/Qt/Qt5.7.0/Tools/mingw530_32/bin/../libexec/gcc/i686-w64-mingw32/5.3.0/lto-wrapper.exe
Target: i686-w64-mingw32
Configured with: ../../../src/gcc-5.3.0/configure --host=i686-w64-mingw32 --build=i686-w64-mingw32 --target=i686-w64-mingw32 --prefix=/mingw32 --with-sysroot=/c/mingw530/i686-530-posix-dwarf-rt_v4-rev0/mingw32 --with-gxx-include-dir=/mingw32/i686-w64-mingw32/include/c++ --enable-shared --enable-static --disable-multilib --enable-languages=c,c++,fortran,lto --enable-libstdcxx-time=yes --enable-threads=posix --enable-libgomp --enable-libatomic --enable-lto --enable-graphite --enable-checking=release --enable-fully-dynamic-string --enable-version-specific-runtime-libs --disable-sjlj-exceptions --with-dwarf2 --disable-isl-version-check --disable-libstdcxx-pch --disable-libstdcxx-debug --enable-bootstrap --disable-rpath --disable-win32-registry --disable-nls --disable-werror --disable-symvers --with-gnu-as --with-gnu-ld --with-arch=i686 --with-tune=generic --with-libiconv --with-system-zlib --with-gmp=/c/mingw530/prerequisites/i686-w64-mingw32-static --with-mpfr=/c/mingw530/prerequisites/i686-w64-mingw32-static --with-mpc=/c/mingw530/prerequisites/i686-w64-mingw32-static --with-isl=/c/mingw530/prerequisites/i686-w64-mingw32-static --with-pkgversion='i686-posix-dwarf-rev0, Built by MinGW-W64 project' --with-bugurl=http://sourceforge.net/projects/mingw-w64 CFLAGS='-O2 -pipe -I/c/mingw530/i686-530-posix-dwarf-rt_v4-rev0/mingw32/opt/include -I/c/mingw530/prerequisites/i686-zlib-static/include -I/c/mingw530/prerequisites/i686-w64-mingw32-static/include' CXXFLAGS='-O2 -pipe -I/c/mingw530/i686-530-posix-dwarf-rt_v4-rev0/mingw32/opt/include -I/c/mingw530/prerequisites/i686-zlib-static/include -I/c/mingw530/prerequisites/i686-w64-mingw32-static/include' CPPFLAGS= LDFLAGS='-pipe -L/c/mingw530/i686-530-posix-dwarf-rt_v4-rev0/mingw32/opt/lib -L/c/mingw530/prerequisites/i686-zlib-static/lib -L/c/mingw530/prerequisites/i686-w64-mingw32-static/lib -Wl,--large-address-aware'
Thread model: posix
gcc version 5.3.0 (i686-posix-dwarf-rev0, Built by MinGW-W64 project) 
configure:3341: $? = 0
configure:3330: gcc -V >&5
gcc.exe: error: unrecognized command line option '-V'
gcc.exe: fatal error: no input files
compilation terminated.
configure:3341: $? = 1
configure:3330: gcc -qversion >&5
gcc.exe: error: unrecognized command line option '-qversion'
gcc.exe: fatal error: no input files
compilation terminated.
configure:3341: $? = 1
configure:3361: checking whether the C compiler works
configure:3383: gcc    conftest.c ../libpng-1.6.23/.libs/libpng.a >&5
configure:3387: $? = 0
configure:3435: result: yes
configure:3438: checking for C compiler default output file name
configure:3440: result: a.exe
configure:3446: checking for suffix of executables
configure:3453: gcc -o conftest.exe    conftest.c ../libpng-1.6.23/.libs/libpng.a >&5
configure:3457: $? = 0
configure:3479: result: .exe
configure:3501: checking whether we are cross compiling
configure:3509: gcc -o conftest.exe    conftest.c ../libpng-1.6.23/.libs/libpng.a >&5
configure:3513: $? = 0
configure:3520: ./conftest.exe
configure:3524: $? = 0
configure:3539: result: no
configure:3544: checking for suffix of object files
configure:3566: gcc -c   conftest.c >&5
configure:3570: $? = 0
configure:3591: result: o
configure:3595: checking whether we are using the GNU C compiler
configure:3614: gcc -c   conftest.c >&5
configure:3614: $? = 0
configure:3623: result: yes
configure:3632: checking whether gcc accepts -g
configure:3652: gcc -c -g  conftest.c >&5
configure:3652: $? = 0
configure:3693: result: yes
configure:3710: checking for gcc option to accept ISO C89
configure:3773: gcc  -c -g -O2  conftest.c >&5
configure:3773: $? = 0
configure:3786: result: none needed
configure:3811: checking whether gcc understands -c and -o together
configure:3833: gcc -c conftest.c -o conftest2.o
configure:3836: $? = 0
configure:3833: gcc -c conftest.c -o conftest2.o
configure:3836: $? = 0
configure:3848: result: yes
configure:3867: checking dependency style of gcc
configure:3978: result: gcc3
configure:3994: checking for an ANSI C-conforming const
configure:4060: gcc -c -g -O2  conftest.c >&5
configure:4060: $? = 0
configure:4067: result: yes
configure:4075: checking for inline
configure:4091: gcc -c -g -O2  conftest.c >&5
configure:4091: $? = 0
configure:4099: result: inline
configure:4122: checking how to run the C preprocessor
configure:4153: gcc -E  conftest.c
configure:4153: $? = 0
configure:4167: gcc -E  conftest.c
conftest.c:14:28: fatal error: ac_nonexistent.h: No such file or directory
compilation terminated.
configure:4167: $? = 1
configure: failed program was:
| /* confdefs.h */
| #define PACKAGE_NAME "QRencode"
| #define PACKAGE_TARNAME "qrencode"
| #define PACKAGE_VERSION "3.4.4"
| #define PACKAGE_STRING "QRencode 3.4.4"
| #define PACKAGE_BUGREPORT ""
| #define PACKAGE_URL ""
| #define MAJOR_VERSION 3
| #define MINOR_VERSION 4
| #define MICRO_VERSION 4
| #define PACKAGE "qrencode"
| #define VERSION "3.4.4"
| /* end confdefs.h.  */
| #include <ac_nonexistent.h>
configure:4192: result: gcc -E
configure:4212: gcc -E  conftest.c
configure:4212: $? = 0
configure:4226: gcc -E  conftest.c
conftest.c:14:28: fatal error: ac_nonexistent.h: No such file or directory
compilation terminated.
configure:4226: $? = 1
configure: failed program was:
| /* confdefs.h */
| #define PACKAGE_NAME "QRencode"
| #define PACKAGE_TARNAME "qrencode"
| #define PACKAGE_VERSION "3.4.4"
| #define PACKAGE_STRING "QRencode 3.4.4"
| #define PACKAGE_BUGREPORT ""
| #define PACKAGE_URL ""
| #define MAJOR_VERSION 3
| #define MINOR_VERSION 4
| #define MICRO_VERSION 4
| #define PACKAGE "qrencode"
| #define VERSION "3.4.4"
| /* end confdefs.h.  */
| #include <ac_nonexistent.h>
configure:4255: checking for grep that handles long lines and -e
configure:4313: result: /usr/bin/grep
configure:4318: checking for egrep
configure:4380: result: /usr/bin/grep -E
configure:4385: checking for ANSI C header files
configure:4405: gcc -c -g -O2  conftest.c >&5
configure:4405: $? = 0
configure:4478: gcc -o conftest.exe -g -O2   conftest.c ../libpng-1.6.23/.libs/libpng.a >&5
configure:4478: $? = 0
configure:4478: ./conftest.exe
configure:4478: $? = 0
configure:4489: result: yes
configure:4546: checking for gcc
configure:4573: result: gcc
configure:4802: checking for C compiler version
configure:4811: gcc --version >&5
gcc.exe (i686-posix-dwarf-rev0, Built by MinGW-W64 project) 5.3.0
Copyright (C) 2015 Free Software Foundation, Inc.
This is free software; see the source for copying conditions.  There is NO
warranty; not even for MERCHANTABILITY or FITNESS FOR A PARTICULAR PURPOSE.

configure:4822: $? = 0
configure:4811: gcc -v >&5
Using built-in specs.
COLLECT_GCC=C:\Qt\Qt5.7.0\Tools\mingw530_32\bin\gcc.exe
COLLECT_LTO_WRAPPER=C:/Qt/Qt5.7.0/Tools/mingw530_32/bin/../libexec/gcc/i686-w64-mingw32/5.3.0/lto-wrapper.exe
Target: i686-w64-mingw32
Configured with: ../../../src/gcc-5.3.0/configure --host=i686-w64-mingw32 --build=i686-w64-mingw32 --target=i686-w64-mingw32 --prefix=/mingw32 --with-sysroot=/c/mingw530/i686-530-posix-dwarf-rt_v4-rev0/mingw32 --with-gxx-include-dir=/mingw32/i686-w64-mingw32/include/c++ --enable-shared --enable-static --disable-multilib --enable-languages=c,c++,fortran,lto --enable-libstdcxx-time=yes --enable-threads=posix --enable-libgomp --enable-libatomic --enable-lto --enable-graphite --enable-checking=release --enable-fully-dynamic-string --enable-version-specific-runtime-libs --disable-sjlj-exceptions --with-dwarf2 --disable-isl-version-check --disable-libstdcxx-pch --disable-libstdcxx-debug --enable-bootstrap --disable-rpath --disable-win32-registry --disable-nls --disable-werror --disable-symvers --with-gnu-as --with-gnu-ld --with-arch=i686 --with-tune=generic --with-libiconv --with-system-zlib --with-gmp=/c/mingw530/prerequisites/i686-w64-mingw32-static --with-mpfr=/c/mingw530/prerequisites/i686-w64-mingw32-static --with-mpc=/c/mingw530/prerequisites/i686-w64-mingw32-static --with-isl=/c/mingw530/prerequisites/i686-w64-mingw32-static --with-pkgversion='i686-posix-dwarf-rev0, Built by MinGW-W64 project' --with-bugurl=http://sourceforge.net/projects/mingw-w64 CFLAGS='-O2 -pipe -I/c/mingw530/i686-530-posix-dwarf-rt_v4-rev0/mingw32/opt/include -I/c/mingw530/prerequisites/i686-zlib-static/include -I/c/mingw530/prerequisites/i686-w64-mingw32-static/include' CXXFLAGS='-O2 -pipe -I/c/mingw530/i686-530-posix-dwarf-rt_v4-rev0/mingw32/opt/include -I/c/mingw530/prerequisites/i686-zlib-static/include -I/c/mingw530/prerequisites/i686-w64-mingw32-static/include' CPPFLAGS= LDFLAGS='-pipe -L/c/mingw530/i686-530-posix-dwarf-rt_v4-rev0/mingw32/opt/lib -L/c/mingw530/prerequisites/i686-zlib-static/lib -L/c/mingw530/prerequisites/i686-w64-mingw32-static/lib -Wl,--large-address-aware'
Thread model: posix
gcc version 5.3.0 (i686-posix-dwarf-rev0, Built by MinGW-W64 project) 
configure:4822: $? = 0
configure:4811: gcc -V >&5
gcc.exe: error: unrecognized command line option '-V'
gcc.exe: fatal error: no input files
compilation terminated.
configure:4822: $? = 1
configure:4811: gcc -qversion >&5
gcc.exe: error: unrecognized command line option '-qversion'
gcc.exe: fatal error: no input files
compilation terminated.
configure:4822: $? = 1
configure:4826: checking whether we are using the GNU C compiler
configure:4854: result: yes
configure:4863: checking whether gcc accepts -g
configure:4924: result: yes
configure:4941: checking for gcc option to accept ISO C89
configure:5017: result: none needed
configure:5042: checking whether gcc understands -c and -o together
configure:5079: result: yes
configure:5098: checking dependency style of gcc
configure:5209: result: gcc3
configure:5272: checking how to print strings
configure:5299: result: printf
configure:5320: checking for a sed that does not truncate output
configure:5384: result: /usr/bin/sed
configure:5402: checking for fgrep
configure:5464: result: /usr/bin/grep -F
configure:5499: checking for ld used by gcc
configure:5566: result: C:/Qt/Qt5.7.0/Tools/mingw530_32/i686-w64-mingw32/bin/ld.exe
configure:5573: checking if the linker (C:/Qt/Qt5.7.0/Tools/mingw530_32/i686-w64-mingw32/bin/ld.exe) is GNU ld
configure:5588: result: yes
configure:5600: checking for BSD- or MS-compatible name lister (nm)
configure:5649: result: /c/Qt/Qt5.7.0/Tools/mingw530_32/bin/nm -B
configure:5779: checking the name lister (/c/Qt/Qt5.7.0/Tools/mingw530_32/bin/nm -B) interface
configure:5786: gcc -c -g -O2  conftest.c >&5
configure:5789: /c/Qt/Qt5.7.0/Tools/mingw530_32/bin/nm -B "conftest.o"
configure:5792: output
00000000 b .bss
00000000 d .data
00000000 N .debug_abbrev
00000000 N .debug_aranges
00000000 N .debug_info
00000000 N .debug_line
00000000 r .rdata$zzz
00000000 t .text
00000000 B _some_variable
configure:5799: result: BSD nm
configure:5802: checking whether ln -s works
configure:5809: result: no, using cp -pR
configure:5814: checking the maximum length of command line arguments
configure:5945: result: 24000
configure:5962: checking whether the shell understands some XSI constructs
configure:5972: result: yes
configure:5976: checking whether the shell understands "+="
configure:5982: result: yes
configure:6017: checking how to convert i686-pc-msys file names to i686-pc-msys format
configure:6057: result: func_convert_file_noop
configure:6064: checking how to convert i686-pc-msys file names to toolchain format
configure:6084: result: func_convert_file_noop
configure:6091: checking for C:/Qt/Qt5.7.0/Tools/mingw530_32/i686-w64-mingw32/bin/ld.exe option to reload object files
configure:6098: result: -r
configure:6172: checking for objdump
configure:6188: found /c/Qt/Qt5.7.0/Tools/mingw530_32/bin/objdump
configure:6199: result: objdump
configure:6231: checking how to recognize dependent libraries
configure:6429: result: unknown
configure:6514: checking for dlltool
configure:6530: found /c/Qt/Qt5.7.0/Tools/mingw530_32/bin/dlltool
configure:6541: result: dlltool
configure:6574: checking how to associate runtime and link libraries
configure:6601: result: printf %s\n
configure:6661: checking for ar
configure:6677: found /c/Qt/Qt5.7.0/Tools/mingw530_32/bin/ar
configure:6688: result: ar
configure:6725: checking for archiver @FILE support
configure:6742: gcc -c -g -O2  conftest.c >&5
configure:6742: $? = 0
configure:6745: ar cru libconftest.a @conftest.lst >&5
configure:6748: $? = 0
configure:6753: ar cru libconftest.a @conftest.lst >&5
C:\Qt\Qt5.7.0\Tools\mingw530_32\bin\ar.exe: conftest.o: No such file or directory
configure:6756: $? = 1
configure:6768: result: @
configure:6826: checking for strip
configure:6842: found /c/Qt/Qt5.7.0/Tools/mingw530_32/bin/strip
configure:6853: result: strip
configure:6925: checking for ranlib
configure:6941: found /c/Qt/Qt5.7.0/Tools/mingw530_32/bin/ranlib
configure:6952: result: ranlib
configure:7054: checking command to parse /c/Qt/Qt5.7.0/Tools/mingw530_32/bin/nm -B output from gcc object
configure:7174: gcc -c -g -O2  conftest.c >&5
configure:7177: $? = 0
configure:7181: /c/Qt/Qt5.7.0/Tools/mingw530_32/bin/nm -B conftest.o \| sed -n -e 's/^.*[ ]\([ABCDGIRSTW][ABCDGIRSTW]*\)[ ][ ]*\([_A-Za-z][_A-Za-z0-9]*\)$/\1 \2 \2/p' | sed '/ __gnu_lto/d' \> conftest.nm
configure:7184: $? = 0
cannot find nm_test_var in conftest.nm
configure:7174: gcc -c -g -O2  conftest.c >&5
configure:7177: $? = 0
configure:7181: /c/Qt/Qt5.7.0/Tools/mingw530_32/bin/nm -B conftest.o \| sed -n -e 's/^.*[ ]\([ABCDGIRSTW][ABCDGIRSTW]*\)[ ][ ]*_\([_A-Za-z][_A-Za-z0-9]*\)$/\1 _\2 \2/p' | sed '/ __gnu_lto/d' \> conftest.nm
configure:7184: $? = 0
configure:7250: gcc -o conftest.exe -g -O2   conftest.c conftstm.o >&5
configure:7253: $? = 0
configure:7291: result: ok
configure:7328: checking for sysroot
configure:7358: result: no
configure:7627: checking for mt
configure:7657: result: no
configure:7677: checking if : is a manifest tool
configure:7683: : '-?'
configure:7691: result: no
configure:8333: checking for sys/types.h
configure:8333: gcc -c -g -O2  conftest.c >&5
configure:8333: $? = 0
configure:8333: result: yes
configure:8333: checking for sys/stat.h
configure:8333: gcc -c -g -O2  conftest.c >&5
configure:8333: $? = 0
configure:8333: result: yes
configure:8333: checking for stdlib.h
configure:8333: gcc -c -g -O2  conftest.c >&5
configure:8333: $? = 0
configure:8333: result: yes
configure:8333: checking for string.h
configure:8333: gcc -c -g -O2  conftest.c >&5
configure:8333: $? = 0
configure:8333: result: yes
configure:8333: checking for memory.h
configure:8333: gcc -c -g -O2  conftest.c >&5
configure:8333: $? = 0
configure:8333: result: yes
configure:8333: checking for strings.h
configure:8333: gcc -c -g -O2  conftest.c >&5
configure:8333: $? = 0
configure:8333: result: yes
configure:8333: checking for inttypes.h
configure:8333: gcc -c -g -O2  conftest.c >&5
configure:8333: $? = 0
configure:8333: result: yes
configure:8333: checking for stdint.h
configure:8333: gcc -c -g -O2  conftest.c >&5
configure:8333: $? = 0
configure:8333: result: yes
configure:8333: checking for unistd.h
configure:8333: gcc -c -g -O2  conftest.c >&5
configure:8333: $? = 0
configure:8333: result: yes
configure:8347: checking for dlfcn.h
configure:8347: gcc -c -g -O2  conftest.c >&5
conftest.c:58:19: fatal error: dlfcn.h: No such file or directory
compilation terminated.
configure:8347: $? = 1
configure: failed program was:
| /* confdefs.h */
| #define PACKAGE_NAME "QRencode"
| #define PACKAGE_TARNAME "qrencode"
| #define PACKAGE_VERSION "3.4.4"
| #define PACKAGE_STRING "QRencode 3.4.4"
| #define PACKAGE_BUGREPORT ""
| #define PACKAGE_URL ""
| #define MAJOR_VERSION 3
| #define MINOR_VERSION 4
| #define MICRO_VERSION 4
| #define PACKAGE "qrencode"
| #define VERSION "3.4.4"
| #define STDC_HEADERS 1
| #define HAVE_SYS_TYPES_H 1
| #define HAVE_SYS_STAT_H 1
| #define HAVE_STDLIB_H 1
| #define HAVE_STRING_H 1
| #define HAVE_MEMORY_H 1
| #define HAVE_STRINGS_H 1
| #define HAVE_INTTYPES_H 1
| #define HAVE_STDINT_H 1
| #define HAVE_UNISTD_H 1
| /* end confdefs.h.  */
| #include <stdio.h>
| #ifdef HAVE_SYS_TYPES_H
| # include <sys/types.h>
| #endif
| #ifdef HAVE_SYS_STAT_H
| # include <sys/stat.h>
| #endif
| #ifdef STDC_HEADERS
| # include <stdlib.h>
| # include <stddef.h>
| #else
| # ifdef HAVE_STDLIB_H
| #  include <stdlib.h>
| # endif
| #endif
| #ifdef HAVE_STRING_H
| # if !defined STDC_HEADERS && defined HAVE_MEMORY_H
| #  include <memory.h>
| # endif
| # include <string.h>
| #endif
| #ifdef HAVE_STRINGS_H
| # include <strings.h>
| #endif
| #ifdef HAVE_INTTYPES_H
| # include <inttypes.h>
| #endif
| #ifdef HAVE_STDINT_H
| # include <stdint.h>
| #endif
| #ifdef HAVE_UNISTD_H
| # include <unistd.h>
| #endif
| 
| #include <dlfcn.h>
configure:8347: result: no
configure:8523: checking for objdir
configure:8538: result: .libs
configure:8805: checking if gcc supports -fno-rtti -fno-exceptions
configure:8823: gcc -c -g -O2  -fno-rtti -fno-exceptions conftest.c >&5
cc1.exe: warning: command line option '-fno-rtti' is valid for C++/ObjC++ but not for C
configure:8827: $? = 0
configure:8840: result: no
configure:9167: checking for gcc option to produce PIC
configure:9174: result: -fPIC -DPIC
configure:9182: checking if gcc PIC flag -fPIC -DPIC works
configure:9200: gcc -c -g -O2  -fPIC -DPIC -DPIC conftest.c >&5
conftest.c:1:0: warning: -fPIC ignored for target (all code is position independent)
 int some_variable = 0;
 ^
configure:9204: $? = 0
configure:9217: result: no
configure:9246: checking if gcc static flag -static works
configure:9274: result: yes
configure:9289: checking if gcc supports -c -o file.o
configure:9310: gcc -c -g -O2  -o out/conftest2.o conftest.c >&5
configure:9314: $? = 0
configure:9336: result: yes
configure:9344: checking if gcc supports -c -o file.o
configure:9391: result: yes
configure:9424: checking whether the gcc linker (C:/Qt/Qt5.7.0/Tools/mingw530_32/i686-w64-mingw32/bin/ld.exe) supports shared libraries
configure:10581: result: yes
configure:10821: checking dynamic linker characteristics
configure:11555: result: no
configure:11662: checking how to hardcode library paths into programs
configure:11687: result: immediate
configure:12227: checking whether stripping libraries is possible
configure:12232: result: yes
configure:12267: checking if libtool supports shared libraries
configure:12269: result: no
configure:12272: checking whether to build shared libraries
configure:12293: result: no
configure:12296: checking whether to build static libraries
configure:12300: result: yes
configure:12380: checking for ranlib
configure:12407: result: ranlib
configure:12483: checking for pkg-config
configure:12516: result: no
configure:12555: checking for strdup
configure:12555: gcc -o conftest.exe -g -O2   conftest.c ../libpng-1.6.23/.libs/libpng.a >&5
conftest.c:48:6: warning: conflicting types for built-in function 'strdup'
 char strdup ();
      ^
configure:12555: $? = 0
configure:12555: result: yes
configure:12574: checking for pthread_mutex_init in -lpthread
configure:12599: gcc -o conftest.exe -g -O2   conftest.c -lpthread  ../libpng-1.6.23/.libs/libpng.a >&5
configure:12599: $? = 0
configure:12608: result: yes
configure:14144: checking that generated files are newer than configure
configure:14150: result: done
configure:14193: creating ./config.status

## ---------------------- ##
## Running config.status. ##
## ---------------------- ##

This file was extended by QRencode config.status 3.4.4, which was
generated by GNU Autoconf 2.69.  Invocation command line was

  CONFIG_FILES    = 
  CONFIG_HEADERS  = 
  CONFIG_LINKS    = 
  CONFIG_COMMANDS = 
  $ ./config.status 

on MACBOOKPRO-PC

config.status:1112: creating Makefile
config.status:1112: creating libqrencode.pc
config.status:1112: creating tests/Makefile
config.status:1112: creating qrencode.spec
config.status:1112: creating qrencode.1
config.status:1112: creating config.h
config.status:1341: executing depfiles commands
config.status:1341: executing libtool commands

## ---------------- ##
## Cache variables. ##
## ---------------- ##

ac_cv_build=i686-pc-msys
ac_cv_c_compiler_gnu=yes
ac_cv_c_const=yes
ac_cv_c_inline=inline
ac_cv_env_CC_set=
ac_cv_env_CC_value=
ac_cv_env_CFLAGS_set=
ac_cv_env_CFLAGS_value=
ac_cv_env_CPPFLAGS_set=
ac_cv_env_CPPFLAGS_value=
ac_cv_env_CPP_set=
ac_cv_env_CPP_value=
ac_cv_env_LDFLAGS_set=
ac_cv_env_LDFLAGS_value=
ac_cv_env_LIBS_set=set
ac_cv_env_LIBS_value=../libpng-1.6.23/.libs/libpng.a
ac_cv_env_PKG_CONFIG_LIBDIR_set=
ac_cv_env_PKG_CONFIG_LIBDIR_value=
ac_cv_env_PKG_CONFIG_PATH_set=
ac_cv_env_PKG_CONFIG_PATH_value=
ac_cv_env_PKG_CONFIG_set=
ac_cv_env_PKG_CONFIG_value=
ac_cv_env_build_alias_set=
ac_cv_env_build_alias_value=
ac_cv_env_host_alias_set=
ac_cv_env_host_alias_value=
ac_cv_env_png_CFLAGS_set=set
ac_cv_env_png_CFLAGS_value=-l../libpng-1.6.23
ac_cv_env_png_LIBS_set=set
ac_cv_env_png_LIBS_value=-L../libpng-1.6.23/.libs
ac_cv_env_target_alias_set=
ac_cv_env_target_alias_value=
ac_cv_exeext=.exe
ac_cv_func_strdup=yes
ac_cv_header_dlfcn_h=no
ac_cv_header_inttypes_h=yes
ac_cv_header_memory_h=yes
ac_cv_header_stdc=yes
ac_cv_header_stdint_h=yes
ac_cv_header_stdlib_h=yes
ac_cv_header_string_h=yes
ac_cv_header_strings_h=yes
ac_cv_header_sys_stat_h=yes
ac_cv_header_sys_types_h=yes
ac_cv_header_unistd_h=yes
ac_cv_host=i686-pc-msys
ac_cv_lib_pthread_pthread_mutex_init=yes
ac_cv_objext=o
ac_cv_path_EGREP='/usr/bin/grep -E'
ac_cv_path_FGREP='/usr/bin/grep -F'
ac_cv_path_GREP=/usr/bin/grep
ac_cv_path_SED=/usr/bin/sed
ac_cv_path_install='/usr/bin/install -c'
ac_cv_path_mkdir=/usr/bin/mkdir
ac_cv_prog_AWK=gawk
ac_cv_prog_CPP='gcc -E'
ac_cv_prog_ac_ct_AR=ar
ac_cv_prog_ac_ct_CC=gcc
ac_cv_prog_ac_ct_DLLTOOL=dlltool
ac_cv_prog_ac_ct_OBJDUMP=objdump
ac_cv_prog_ac_ct_RANLIB=ranlib
ac_cv_prog_ac_ct_STRIP=strip
ac_cv_prog_cc_c89=
ac_cv_prog_cc_g=yes
ac_cv_prog_make_make_set=yes
ac_cv_target=i686-pc-msys
am_cv_CC_dependencies_compiler_type=gcc3
am_cv_make_support_nested_variables=yes
am_cv_prog_cc_c_o=yes
lt_cv_ar_at_file=@
lt_cv_deplibs_check_method=unknown
lt_cv_file_magic_cmd='$MAGIC_CMD'
lt_cv_file_magic_test_file=
lt_cv_ld_reload_flag=-r
lt_cv_nm_interface='BSD nm'
lt_cv_objdir=.libs
lt_cv_path_LD=C:/Qt/Qt5.7.0/Tools/mingw530_32/i686-w64-mingw32/bin/ld.exe
lt_cv_path_NM='/c/Qt/Qt5.7.0/Tools/mingw530_32/bin/nm -B'
lt_cv_path_mainfest_tool=no
lt_cv_prog_compiler_c_o=yes
lt_cv_prog_compiler_pic='-fPIC -DPIC'
lt_cv_prog_compiler_pic_works=no
lt_cv_prog_compiler_rtti_exceptions=no
lt_cv_prog_compiler_static_works=yes
lt_cv_prog_gnu_ld=yes
lt_cv_sharedlib_from_linklib_cmd='printf %s\n'
lt_cv_sys_global_symbol_pipe='sed -n -e '\''s/^.*[	 ]\([ABCDGIRSTW][ABCDGIRSTW]*\)[	 ][	 ]*_\([_A-Za-z][_A-Za-z0-9]*\)$/\1 _\2 \2/p'\'' | sed '\''/ __gnu_lto/d'\'''
lt_cv_sys_global_symbol_to_c_name_address='sed -n -e '\''s/^: \([^ ]*\)[ ]*$/  {\"\1\", (void *) 0},/p'\'' -e '\''s/^[ABCDGIRSTW]* \([^ ]*\) \([^ ]*\)$/  {"\2", (void *) \&\2},/p'\'''
lt_cv_sys_global_symbol_to_c_name_address_lib_prefix='sed -n -e '\''s/^: \([^ ]*\)[ ]*$/  {\"\1\", (void *) 0},/p'\'' -e '\''s/^[ABCDGIRSTW]* \([^ ]*\) \(lib[^ ]*\)$/  {"\2", (void *) \&\2},/p'\'' -e '\''s/^[ABCDGIRSTW]* \([^ ]*\) \([^ ]*\)$/  {"lib\2", (void *) \&\2},/p'\'''
lt_cv_sys_global_symbol_to_cdecl='sed -n -e '\''s/^T .* \(.*\)$/extern int \1();/p'\'' -e '\''s/^[ABCDGIRSTW]* .* \(.*\)$/extern char \1;/p'\'''
lt_cv_sys_max_cmd_len=24000
lt_cv_to_host_file_cmd=func_convert_file_noop
lt_cv_to_tool_file_cmd=func_convert_file_noop

## ----------------- ##
## Output variables. ##
## ----------------- ##

ACLOCAL='${SHELL} /d/WorkSpace/XWallet/libs/qrencode-3.4.4/use/missing aclocal-1.14'
AMDEPBACKSLASH='\'
AMDEP_FALSE='#'
AMDEP_TRUE=''
AMTAR='$${TAR-tar}'
AM_BACKSLASH='\'
AM_DEFAULT_V='$(AM_DEFAULT_VERBOSITY)'
AM_DEFAULT_VERBOSITY='1'
AM_V='$(V)'
AR='ar'
AUTOCONF='${SHELL} /d/WorkSpace/XWallet/libs/qrencode-3.4.4/use/missing autoconf'
AUTOHEADER='${SHELL} /d/WorkSpace/XWallet/libs/qrencode-3.4.4/use/missing autoheader'
AUTOMAKE='${SHELL} /d/WorkSpace/XWallet/libs/qrencode-3.4.4/use/missing automake-1.14'
AWK='gawk'
BUILD_TESTS_FALSE=''
BUILD_TESTS_TRUE='#'
BUILD_TOOLS_FALSE=''
BUILD_TOOLS_TRUE='#'
CC='gcc'
CCDEPMODE='depmode=gcc3'
CFLAGS='-Wall -g -O2'
CPP='gcc -E'
CPPFLAGS=''
CYGPATH_W='cygpath -w'
DEFS='-DHAVE_CONFIG_H'
DEPDIR='.deps'
DLLTOOL='dlltool'
DSYMUTIL=''
DUMPBIN=''
ECHO_C=''
ECHO_N='-n'
ECHO_T=''
EGREP='/usr/bin/grep -E'
EXEEXT='.exe'
FGREP='/usr/bin/grep -F'
GREP='/usr/bin/grep'
HAVE_LIBPTHREAD_FALSE='#'
HAVE_LIBPTHREAD_TRUE=''
HAVE_SDL_FALSE=''
HAVE_SDL_TRUE='#'
INSTALL_DATA='${INSTALL} -m 644'
INSTALL_PROGRAM='${INSTALL}'
INSTALL_SCRIPT='${INSTALL}'
INSTALL_STRIP_PROGRAM='$(install_sh) -c -s'
LD='C:/Qt/Qt5.7.0/Tools/mingw530_32/i686-w64-mingw32/bin/ld.exe'
LDFLAGS=''
LIBICONV=''
LIBOBJS=''
LIBPTHREAD='-lpthread'
LIBS='../libpng-1.6.23/.libs/libpng.a'
LIBTOOL='$(SHELL) $(top_builddir)/libtool'
LIPO=''
LN_S='cp -pR'
LTLIBICONV=''
LTLIBOBJS=''
MAJOR_VERSION='3'
MAKEINFO='${SHELL} /d/WorkSpace/XWallet/libs/qrencode-3.4.4/use/missing makeinfo'
MANIFEST_TOOL=':'
MICRO_VERSION='4'
MINOR_VERSION='4'
MKDIR_P='/usr/bin/mkdir -p'
NM='/c/Qt/Qt5.7.0/Tools/mingw530_32/bin/nm -B'
NMEDIT=''
OBJDUMP='objdump'
OBJEXT='o'
OTOOL64=''
OTOOL=''
PACKAGE='qrencode'
PACKAGE_BUGREPORT=''
PACKAGE_NAME='QRencode'
PACKAGE_STRING='QRencode 3.4.4'
PACKAGE_TARNAME='qrencode'
PACKAGE_URL=''
PACKAGE_VERSION='3.4.4'
PATH_SEPARATOR=':'
PKG_CONFIG=''
PKG_CONFIG_LIBDIR=''
PKG_CONFIG_PATH=''
RANLIB='ranlib'
SDL_CFLAGS=''
SDL_CONFIG=''
SDL_LIBS=''
SED='/usr/bin/sed'
SET_MAKE=''
SHELL='/bin/sh'
STRIP='strip'
VERSION='3.4.4'
ac_ct_AR='ar'
ac_ct_CC='gcc'
ac_ct_DUMPBIN=''
am__EXEEXT_FALSE='#'
am__EXEEXT_TRUE=''
am__fastdepCC_FALSE='#'
am__fastdepCC_TRUE=''
am__include='include'
am__isrc=''
am__leading_dot='.'
am__nodep='_no'
am__quote=''
am__tar='$${TAR-tar} chof - "$$tardir"'
am__untar='$${TAR-tar} xf -'
bindir='${exec_prefix}/bin'
build='i686-pc-msys'
build_alias=''
build_cpu='i686'
build_os='msys'
build_vendor='pc'
datadir='${datarootdir}'
datarootdir='${prefix}/share'
docdir='${datarootdir}/doc/${PACKAGE_TARNAME}'
dvidir='${docdir}'
exec_prefix='${prefix}'
host='i686-pc-msys'
host_alias=''
host_cpu='i686'
host_os='msys'
host_vendor='pc'
htmldir='${docdir}'
includedir='${prefix}/include'
infodir='${datarootdir}/info'
install_sh='${SHELL} /d/WorkSpace/XWallet/libs/qrencode-3.4.4/use/install-sh'
libdir='${exec_prefix}/lib'
libexecdir='${exec_prefix}/libexec'
localedir='${datarootdir}/locale'
localstatedir='${prefix}/var'
mandir='${datarootdir}/man'
mkdir_p='$(MKDIR_P)'
oldincludedir='/usr/include'
pdfdir='${docdir}'
png_CFLAGS='-l../libpng-1.6.23'
png_LIBS='-L../libpng-1.6.23/.libs'
prefix='/usr/local'
program_transform_name='s,x,x,'
psdir='${docdir}'
sbindir='${exec_prefix}/sbin'
sharedstatedir='${prefix}/com'
sysconfdir='${prefix}/etc'
target='i686-pc-msys'
target_alias=''
target_cpu='i686'
target_os='msys'
target_vendor='pc'

## ----------- ##
## confdefs.h. ##
## ----------- ##

/* confdefs.h */
#define PACKAGE_NAME "QRencode"
#define PACKAGE_TARNAME "qrencode"
#define PACKAGE_VERSION "3.4.4"
#define PACKAGE_STRING "QRencode 3.4.4"
#define PACKAGE_BUGREPORT ""
#define PACKAGE_URL ""
#define MAJOR_VERSION 3
#define MINOR_VERSION 4
#define MICRO_VERSION 4
#define PACKAGE "qrencode"
#define VERSION "3.4.4"
#define STDC_HEADERS 1
#define HAVE_SYS_TYPES_H 1
#define HAVE_SYS_STAT_H 1
#define HAVE_STDLIB_H 1
#define HAVE_STRING_H 1
#define HAVE_MEMORY_H 1
#define HAVE_STRINGS_H 1
#define HAVE_INTTYPES_H 1
#define HAVE_STDINT_H 1
#define HAVE_UNISTD_H 1
#define LT_OBJDIR ".libs/"
#define HAVE_STRDUP 1
#define HAVE_LIBPTHREAD 1
#define __STATIC static
/* #undef WITH_TESTS */

configure: exit 0
